  [1m[35m (763.3ms)[0m  [1m[35mCREATE DATABASE "intro_project_development" ENCODING = 'unicode'[0m
  ↳ bin/rails:9
  [1m[35m (394.1ms)[0m  [1m[35mCREATE DATABASE "intro_project_test" ENCODING = 'unicode'[0m
  ↳ bin/rails:9
  [1m[35m (82.3ms)[0m  [1m[35mCREATE TABLE "schema_migrations" ("version" character varying NOT NULL PRIMARY KEY)[0m
  ↳ bin/rails:9
  [1m[35m (11.9ms)[0m  [1m[35mCREATE TABLE "ar_internal_metadata" ("key" character varying NOT NULL PRIMARY KEY, "value" character varying, "created_at" timestamp NOT NULL, "updated_at" timestamp NOT NULL)[0m
  ↳ bin/rails:9
  [1m[35m (7.4ms)[0m  [1m[34mSELECT pg_try_advisory_lock(2430598305316995135)[0m
  ↳ bin/rails:9
  [1m[35m (6.4ms)[0m  [1m[34mSELECT "schema_migrations"."version" FROM "schema_migrations" ORDER BY "schema_migrations"."version" ASC[0m
  ↳ bin/rails:9
Migrating to CreatePeople (20220117231833)
  [1m[35m (0.4ms)[0m  [1m[35mBEGIN[0m
  ↳ bin/rails:9
  [1m[35m (42.5ms)[0m  [1m[35mCREATE TABLE "people" ("id" bigserial primary key, "name" character varying NOT NULL, "house_id" integer NOT NULL, "created_at" timestamp NOT NULL, "updated_at" timestamp NOT NULL)[0m
  ↳ db/migrate/20220117231833_create_people.rb:3
  [1m[36mActiveRecord::SchemaMigration Create (28.6ms)[0m  [1m[32mINSERT INTO "schema_migrations" ("version") VALUES ($1) RETURNING "version"[0m  [["version", "20220117231833"]]
  ↳ bin/rails:9
  [1m[35m (3.8ms)[0m  [1m[35mCOMMIT[0m
  ↳ bin/rails:9
  [1m[36mActiveRecord::InternalMetadata Load (4.2ms)[0m  [1m[34mSELECT  "ar_internal_metadata".* FROM "ar_internal_metadata" WHERE "ar_internal_metadata"."key" = $1 LIMIT $2[0m  [["key", "environment"], ["LIMIT", 1]]
  ↳ bin/rails:9
  [1m[35m (0.2ms)[0m  [1m[35mBEGIN[0m
  ↳ bin/rails:9
  [1m[36mActiveRecord::InternalMetadata Create (4.1ms)[0m  [1m[32mINSERT INTO "ar_internal_metadata" ("key", "value", "created_at", "updated_at") VALUES ($1, $2, $3, $4) RETURNING "key"[0m  [["key", "environment"], ["value", "development"], ["created_at", "2022-01-17 23:26:38.000947"], ["updated_at", "2022-01-17 23:26:38.000947"]]
  ↳ bin/rails:9
  [1m[35m (2.6ms)[0m  [1m[35mCOMMIT[0m
  ↳ bin/rails:9
  [1m[35m (0.8ms)[0m  [1m[34mSELECT pg_advisory_unlock(2430598305316995135)[0m
  ↳ bin/rails:9
  [1m[35m (2.7ms)[0m  [1m[34mSELECT "schema_migrations"."version" FROM "schema_migrations" ORDER BY "schema_migrations"."version" ASC[0m
  ↳ bin/rails:9
  [1m[35m (0.3ms)[0m  [1m[34mSELECT pg_try_advisory_lock(2430598305316995135)[0m
  ↳ bin/rails:9
  [1m[35m (1.5ms)[0m  [1m[34mSELECT "schema_migrations"."version" FROM "schema_migrations" ORDER BY "schema_migrations"."version" ASC[0m
  ↳ bin/rails:9
Migrating to CreateHouses (20220117232712)
  [1m[35m (0.3ms)[0m  [1m[35mBEGIN[0m
  ↳ bin/rails:9
  [1m[35m (15.4ms)[0m  [1m[35mCREATE TABLE "houses" ("id" bigserial primary key, "address" character varying NOT NULL, "created_at" timestamp NOT NULL, "updated_at" timestamp NOT NULL)[0m
  ↳ db/migrate/20220117232712_create_houses.rb:3
  [1m[36mActiveRecord::SchemaMigration Create (0.5ms)[0m  [1m[32mINSERT INTO "schema_migrations" ("version") VALUES ($1) RETURNING "version"[0m  [["version", "20220117232712"]]
  ↳ bin/rails:9
  [1m[35m (2.4ms)[0m  [1m[35mCOMMIT[0m
  ↳ bin/rails:9
  [1m[36mActiveRecord::InternalMetadata Load (4.1ms)[0m  [1m[34mSELECT  "ar_internal_metadata".* FROM "ar_internal_metadata" WHERE "ar_internal_metadata"."key" = $1 LIMIT $2[0m  [["key", "environment"], ["LIMIT", 1]]
  ↳ bin/rails:9
  [1m[35m (0.3ms)[0m  [1m[35mBEGIN[0m
  ↳ bin/rails:9
  [1m[35m (0.2ms)[0m  [1m[35mCOMMIT[0m
  ↳ bin/rails:9
  [1m[35m (0.4ms)[0m  [1m[34mSELECT pg_advisory_unlock(2430598305316995135)[0m
  ↳ bin/rails:9
  [1m[35m (0.8ms)[0m  [1m[34mSELECT "schema_migrations"."version" FROM "schema_migrations" ORDER BY "schema_migrations"."version" ASC[0m
  ↳ bin/rails:9
  [1m[35m (4.8ms)[0m  [1m[34mSELECT "schema_migrations"."version" FROM "schema_migrations" ORDER BY "schema_migrations"."version" ASC[0m
  ↳ bin/rails:9
  [1m[35m (0.8ms)[0m  [1m[35mBEGIN[0m
  [1m[36mHouse Create (7.1ms)[0m  [1m[32mINSERT INTO "houses" ("address", "created_at", "updated_at") VALUES ($1, $2, $3) RETURNING "id"[0m  [["address", "308 Negra Arroyo Lane"], ["created_at", "2022-01-17 23:45:10.362841"], ["updated_at", "2022-01-17 23:45:10.362841"]]
  [1m[35m (3.3ms)[0m  [1m[35mCOMMIT[0m
  [1m[35m (0.6ms)[0m  [1m[35mBEGIN[0m
  [1m[36mHouse Load (0.8ms)[0m  [1m[34mSELECT  "houses".* FROM "houses" WHERE "houses"."id" = $1 LIMIT $2[0m  [["id", 1], ["LIMIT", 1]]
  [1m[36mPerson Create (3.8ms)[0m  [1m[32mINSERT INTO "people" ("name", "house_id", "created_at", "updated_at") VALUES ($1, $2, $3, $4) RETURNING "id"[0m  [["name", "Walter White"], ["house_id", 1], ["created_at", "2022-01-17 23:45:47.727896"], ["updated_at", "2022-01-17 23:45:47.727896"]]
  [1m[35m (3.9ms)[0m  [1m[35mCOMMIT[0m
  [1m[36mPerson Load (0.8ms)[0m  [1m[34mSELECT "people".* FROM "people"[0m
  [1m[36mHouse Load (0.6ms)[0m  [1m[34mSELECT "houses".* FROM "houses"[0m
